# JRE version: OpenJDK Runtime Environment Microsoft-12574423 (17.0.17+10) (build 17.0.17+10-LTS)
# Java VM: OpenJDK 64-Bit Server VM Microsoft-12574423 (17.0.17+10-LTS, mixed mode, sharing, tiered, compressed oops, compressed class ptrs, g1 gc, windows-amd64)
GC Precious Log:
 CPUs: 8 total, 8 available
 Memory: 7412M
 Large Page Support: Disabled
 NUMA Support: Disabled
 Compressed Oops: Enabled (32-bit)
 Heap Region Size: 1M
 Heap Min Capacity: 8M
 Heap Initial Capacity: 116M
 Heap Max Capacity: 2G
 Pre-touch: Disabled
 Parallel Workers: 8
 Concurrent Workers: 2
 Concurrent Refinement Workers: 8
 Periodic GC: Disabled
Heap:
 garbage-first heap   total 86016K, used 58157K [0x0000000080000000, 0x0000000100000000)
  region size 1024K, 39 young (39936K), 5 survivors (5120K)
 Metaspace       used 31627K, committed 32000K, reserved 491520K
  class space    used 4444K, committed 4608K, reserved 425984K
GC Heap History (12 events):
Event: 1.430 GC heap before
{Heap before GC invocations=0 (full 0):
 garbage-first heap   total 118784K, used 23552K [0x0000000080000000, 0x0000000100000000)
  region size 1024K, 23 young (23552K), 0 survivors (0K)
 Metaspace       used 1034K, committed 1152K, reserved 491520K
  class space    used 72K, committed 128K, reserved 425984K
}
Event: 1.436 GC heap after
{Heap after GC invocations=1 (full 0):
 garbage-first heap   total 118784K, used 1792K [0x0000000080000000, 0x0000000100000000)
  region size 1024K, 2 young (2048K), 2 survivors (2048K)
 Metaspace       used 1034K, committed 1152K, reserved 491520K
  class space    used 72K, committed 128K, reserved 425984K
}
Event: 5.652 GC heap before
{Heap before GC invocations=1 (full 0):
 garbage-first heap   total 118784K, used 38656K [0x0000000080000000, 0x0000000100000000)
  region size 1024K, 35 young (35840K), 2 survivors (2048K)
 Metaspace       used 4529K, committed 4672K, reserved 491520K
  class space    used 570K, committed 640K, reserved 425984K
}
Event: 5.660 GC heap after
{Heap after GC invocations=2 (full 0):
 garbage-first heap   total 118784K, used 10416K [0x0000000080000000, 0x0000000100000000)
  region size 1024K, 5 young (5120K), 5 survivors (5120K)
 Metaspace       used 4529K, committed 4672K, reserved 491520K
  class space    used 570K, committed 640K, reserved 425984K
}
Event: 7.128 GC heap before
{Heap before GC invocations=2 (full 0):
 garbage-first heap   total 118784K, used 54448K [0x0000000080000000, 0x0000000100000000)
  region size 1024K, 46 young (47104K), 5 survivors (5120K)
 Metaspace       used 4607K, committed 4736K, reserved 491520K
  class space    used 572K, committed 640K, reserved 425984K
}
Event: 7.137 GC heap after
{Heap after GC invocations=3 (full 0):
 garbage-first heap   total 118784K, used 15667K [0x0000000080000000, 0x0000000100000000)
  region size 1024K, 4 young (4096K), 4 survivors (4096K)
 Metaspace       used 4607K, committed 4736K, reserved 491520K
  class space    used 572K, committed 640K, reserved 425984K
}
Event: 13.505 GC heap before
{Heap before GC invocations=3 (full 0):
 garbage-first heap   total 118784K, used 81203K [0x0000000080000000, 0x0000000100000000)
  region size 1024K, 68 young (69632K), 4 survivors (4096K)
 Metaspace       used 15094K, committed 15424K, reserved 491520K
  class space    used 2057K, committed 2176K, reserved 425984K
}
Event: 13.529 GC heap after
{Heap after GC invocations=4 (full 0):
 garbage-first heap   total 118784K, used 20969K [0x0000000080000000, 0x0000000100000000)
  region size 1024K, 9 young (9216K), 9 survivors (9216K)
 Metaspace       used 15094K, committed 15424K, reserved 491520K
  class space    used 2057K, committed 2176K, reserved 425984K
}
Event: 16.933 GC heap before
{Heap before GC invocations=4 (full 0):
 garbage-first heap   total 118784K, used 66025K [0x0000000080000000, 0x0000000100000000)
  region size 1024K, 53 young (54272K), 9 survivors (9216K)
 Metaspace       used 21175K, committed 21504K, reserved 491520K
  class space    used 2919K, committed 3072K, reserved 425984K
}
Event: 16.943 GC heap after
{Heap after GC invocations=5 (full 0):
 garbage-first heap   total 118784K, used 23480K [0x0000000080000000, 0x0000000100000000)
  region size 1024K, 3 young (3072K), 3 survivors (3072K)
 Metaspace       used 21175K, committed 21504K, reserved 491520K
  class space    used 2919K, committed 3072K, reserved 425984K
}
Event: 21.942 GC heap before
{Heap before GC invocations=6 (full 0):
 garbage-first heap   total 86016K, used 71608K [0x0000000080000000, 0x0000000100000000)
  region size 1024K, 50 young (51200K), 3 survivors (3072K)
 Metaspace       used 26809K, committed 27200K, reserved 491520K
  class space    used 3806K, committed 3968K, reserved 425984K
}
Event: 21.948 GC heap after
{Heap after GC invocations=7 (full 0):
 garbage-first heap   total 86016K, used 25389K [0x0000000080000000, 0x0000000100000000)
  region size 1024K, 5 young (5120K), 5 survivors (5120K)
 Metaspace       used 26809K, committed 27200K, reserved 491520K
  class space    used 3806K, committed 3968K, reserved 425984K
}

